Determining if the pthread_create exist failed with the following output:
Change Dir: /home/aaryen/yellow_ws/build/CMakeFiles/CMakeTmp

Run Build Command:"/usr/bin/make" "cmTC_81ecd/fast"
/usr/bin/make -f CMakeFiles/cmTC_81ecd.dir/build.make CMakeFiles/cmTC_81ecd.dir/build
make[1]: Entering directory '/home/aaryen/yellow_ws/build/CMakeFiles/CMakeTmp'
Building C object CMakeFiles/cmTC_81ecd.dir/CheckSymbolExists.c.o
/usr/bin/cc     -o CMakeFiles/cmTC_81ecd.dir/CheckSymbolExists.c.o   -c /home/aaryen/yellow_ws/build/CMakeFiles/CMakeTmp/CheckSymbolExists.c
Linking C executable cmTC_81ecd
/usr/bin/cmake -E cmake_link_script CMakeFiles/cmTC_81ecd.dir/link.txt --verbose=1
/usr/bin/cc       CMakeFiles/cmTC_81ecd.dir/CheckSymbolExists.c.o  -o cmTC_81ecd -rdynamic 
CMakeFiles/cmTC_81ecd.dir/CheckSymbolExists.c.o: In function `main':
CheckSymbolExists.c:(.text+0x16): undefined reference to `pthread_create'
collect2: error: ld returned 1 exit status
CMakeFiles/cmTC_81ecd.dir/build.make:97: recipe for target 'cmTC_81ecd' failed
make[1]: *** [cmTC_81ecd] Error 1
make[1]: Leaving directory '/home/aaryen/yellow_ws/build/CMakeFiles/CMakeTmp'
Makefile:126: recipe for target 'cmTC_81ecd/fast' failed
make: *** [cmTC_81ecd/fast] Error 2

File /home/aaryen/yellow_ws/build/CMakeFiles/CMakeTmp/CheckSymbolExists.c:
/* */
#include <pthread.h>

int main(int argc, char** argv)
{
  (void)argv;
#ifndef pthread_create
  return ((int*)(&pthread_create))[argc];
#else
  (void)argc;
  return 0;
#endif
}

Determining if the function pthread_create exists in the pthreads failed with the following output:
Change Dir: /home/aaryen/yellow_ws/build/CMakeFiles/CMakeTmp

Run Build Command:"/usr/bin/make" "cmTC_171fa/fast"
/usr/bin/make -f CMakeFiles/cmTC_171fa.dir/build.make CMakeFiles/cmTC_171fa.dir/build
make[1]: Entering directory '/home/aaryen/yellow_ws/build/CMakeFiles/CMakeTmp'
Building C object CMakeFiles/cmTC_171fa.dir/CheckFunctionExists.c.o
/usr/bin/cc    -DCHECK_FUNCTION_EXISTS=pthread_create   -o CMakeFiles/cmTC_171fa.dir/CheckFunctionExists.c.o   -c /usr/share/cmake-3.5/Modules/CheckFunctionExists.c
Linking C executable cmTC_171fa
/usr/bin/cmake -E cmake_link_script CMakeFiles/cmTC_171fa.dir/link.txt --verbose=1
/usr/bin/cc   -DCHECK_FUNCTION_EXISTS=pthread_create    CMakeFiles/cmTC_171fa.dir/CheckFunctionExists.c.o  -o cmTC_171fa -rdynamic -lpthreads 
/usr/bin/ld: cannot find -lpthreads
collect2: error: ld returned 1 exit status
CMakeFiles/cmTC_171fa.dir/build.make:97: recipe for target 'cmTC_171fa' failed
make[1]: *** [cmTC_171fa] Error 1
make[1]: Leaving directory '/home/aaryen/yellow_ws/build/CMakeFiles/CMakeTmp'
Makefile:126: recipe for target 'cmTC_171fa/fast' failed
make: *** [cmTC_171fa/fast] Error 2


